<?xml version="1.0" encoding="UTF-8"?>
<testng-results total="3" passed="3" failed="0" skipped="0">
  <reporter-output>
  </reporter-output>
  <suite started-at="2021-07-23T10:36:20Z" name="Default suite" finished-at="2021-07-23T10:36:28Z" duration-ms="8286">
    <groups>
    </groups>
    <test started-at="2021-07-23T10:36:20Z" name="Default test" finished-at="2021-07-23T10:36:28Z" duration-ms="8286">
      <class name="APITests.DynamicJson">
        <test-method signature="addBook(java.lang.String, java.lang.String)[pri:0, instance:APITests.DynamicJson@23c30a20]" started-at="2021-07-23T16:06:20Z" name="addBook" data-provider="BooksData" finished-at="2021-07-23T16:06:27Z" duration-ms="7539" status="PASS">
          <params>
            <param index="0">
              <value>
                <![CDATA[adget]]>
              </value>
            </param>
            <param index="1">
              <value>
                <![CDATA[5687]]>
              </value>
            </param>
          </params>
          <reporter-output>
          </reporter-output>
        </test-method> <!-- addBook -->
        <test-method signature="addBook(java.lang.String, java.lang.String)[pri:0, instance:APITests.DynamicJson@23c30a20]" started-at="2021-07-23T16:06:27Z" name="addBook" data-provider="BooksData" finished-at="2021-07-23T16:06:28Z" duration-ms="327" status="PASS">
          <params>
            <param index="0">
              <value>
                <![CDATA[hwhjl]]>
              </value>
            </param>
            <param index="1">
              <value>
                <![CDATA[6566]]>
              </value>
            </param>
          </params>
          <reporter-output>
          </reporter-output>
        </test-method> <!-- addBook -->
        <test-method signature="addBook(java.lang.String, java.lang.String)[pri:0, instance:APITests.DynamicJson@23c30a20]" started-at="2021-07-23T16:06:28Z" name="addBook" data-provider="BooksData" finished-at="2021-07-23T16:06:28Z" duration-ms="351" status="PASS">
          <params>
            <param index="0">
              <value>
                <![CDATA[jhgsj]]>
              </value>
            </param>
            <param index="1">
              <value>
                <![CDATA[6564]]>
              </value>
            </param>
          </params>
          <reporter-output>
          </reporter-output>
        </test-method> <!-- addBook -->
      </class> <!-- APITests.DynamicJson -->
    </test> <!-- Default test -->
  </suite> <!-- Default suite -->
</testng-results>
